<?xml version="1.0" encoding="UTF-8"?>
<!-- Generated by org.testng.reporters.JUnitReportReporter -->
<testsuite hostname="DESKTOP-QFDSF5H" name="com.optile.dropboxTask.Tests.DropBoxTests" tests="5" failures="0" timestamp="23 Apr 2016 14:05:13 GMT" time="761.375" errors="0">
  <testcase name="createNewFolder" time="191.202" classname="com.optile.dropboxTask.Tests.DropBoxTests"/>
  <testcase name="deleteFile" time="187.601" classname="com.optile.dropboxTask.Tests.DropBoxTests"/>
  <testcase name="checkShowDeletedFilesFunction" time="150.892" classname="com.optile.dropboxTask.Tests.DropBoxTests"/>
  <testcase name="uploadFile" time="43.620" classname="com.optile.dropboxTask.Tests.DropBoxTests"/>
  <testcase name="loginLoginOut" time="188.060" classname="com.optile.dropboxTask.Tests.DropBoxTests"/>
</testsuite> <!-- com.optile.dropboxTask.Tests.DropBoxTests -->
