<?xml version="1.0" encoding="UTF-8"?>
<!-- Generated by org.testng.reporters.JUnitReportReporter -->
<testsuite hostname="DESKTOP-QFDSF5H" name="com.optyle.dropboxTask.Tests.DropDownTests" tests="5" failures="0" timestamp="23 Apr 2016 13:08:54 GMT" time="167.532" errors="0">
  <testcase name="checkShowDeletedFilesFunction" time="32.542" classname="com.optyle.dropboxTask.Tests.DropDownTests"/>
  <testcase name="createNewFolder" time="37.030" classname="com.optyle.dropboxTask.Tests.DropDownTests"/>
  <testcase name="loginLoginOut" time="36.939" classname="com.optyle.dropboxTask.Tests.DropDownTests"/>
  <testcase name="uploadFile" time="26.535" classname="com.optyle.dropboxTask.Tests.DropDownTests"/>
  <testcase name="deleteFile" time="34.486" classname="com.optyle.dropboxTask.Tests.DropDownTests"/>
</testsuite> <!-- com.optyle.dropboxTask.Tests.DropDownTests -->
